Using pre-set license
Built from '2020.3/staging' branch; Version is '2020.3.26f1 (7298b473bc1a) revision 7510196'; Using compiler version '192528614'; Build Type 'Release'
OS: 'Windows 11  (10.0.22000) 64bit Core' Language: 'es' Physical Memory: 15789 MB
BatchMode: 1, IsHumanControllingUs: 0, StartBugReporterOnCrash: 0, Is64bit: 1, IsPro: 0

COMMAND LINE ARGUMENTS:
C:\Program Files\Unity\Hub\Editor\2020.3.26f1\Editor\Unity.exe
-adb2
-batchMode
-noUpm
-name
AssetImportWorker0
-projectPath
C:/GitHub/Proyecto-Final-Unity-Ibanez-Llanos-Comision-29270
-logFile
Logs/AssetImportWorker0.log
-srvPort
61048
Successfully changed project path to: C:/GitHub/Proyecto-Final-Unity-Ibanez-Llanos-Comision-29270
C:/GitHub/Proyecto-Final-Unity-Ibanez-Llanos-Comision-29270
Using Asset Import Pipeline V2.
Refreshing native plugins compatible for Editor in 33.47 ms, found 2 plugins.
Preloading 0 native plugins for Editor in 0.00 ms.
Initialize engine version: 2020.3.26f1 (7298b473bc1a)
[Subsystems] Discovering subsystems at path C:/Program Files/Unity/Hub/Editor/2020.3.26f1/Editor/Data/Resources/UnitySubsystems
[Subsystems] Discovering subsystems at path C:/GitHub/Proyecto-Final-Unity-Ibanez-Llanos-Comision-29270/Assets
GfxDevice: creating device client; threaded=0
Direct3D:
    Version:  Direct3D 11.0 [level 11.1]
    Renderer: NVIDIA GeForce RTX 2060 with Max-Q Design (ID=0x1f12)
    Vendor:   
    VRAM:     5980 MB
    Driver:   30.0.15.1259
Initialize mono
Mono path[0] = 'C:/Program Files/Unity/Hub/Editor/2020.3.26f1/Editor/Data/Managed'
Mono path[1] = 'C:/Program Files/Unity/Hub/Editor/2020.3.26f1/Editor/Data/MonoBleedingEdge/lib/mono/unityjit'
Mono config path = 'C:/Program Files/Unity/Hub/Editor/2020.3.26f1/Editor/Data/MonoBleedingEdge/etc'
Using monoOptions --debugger-agent=transport=dt_socket,embedding=1,server=y,suspend=n,address=127.0.0.1:56976
Begin MonoManager ReloadAssembly
Registering precompiled unity dll's ...
Register platform support module: C:/Program Files/Unity/Hub/Editor/2020.3.26f1/Editor/Data/PlaybackEngines/WindowsStandaloneSupport/UnityEditor.WindowsStandalone.Extensions.dll
Registered in 0.001189 seconds.
Native extension for WindowsStandalone target not found
Refreshing native plugins compatible for Editor in 31.34 ms, found 2 plugins.
Preloading 0 native plugins for Editor in 0.00 ms.
Mono: successfully reloaded assembly
- Completed reload, in  0.513 seconds
Domain Reload Profiling:
	ReloadAssembly (513ms)
		BeginReloadAssembly (44ms)
			ExecutionOrderSort (0ms)
			DisableScriptedObjects (0ms)
			BackupInstance (0ms)
			ReleaseScriptingObjects (0ms)
			CreateAndSetChildDomain (1ms)
		EndReloadAssembly (405ms)
			LoadAssemblies (43ms)
			RebuildTransferFunctionScriptingTraits (0ms)
			SetupTypeCache (132ms)
			ReleaseScriptCaches (0ms)
			RebuildScriptCaches (29ms)
			SetupLoadedEditorAssemblies (159ms)
				LogAssemblyErrors (0ms)
				InitializePlatformSupportModulesInManaged (4ms)
				SetLoadedEditorAssemblies (0ms)
				RefreshPlugins (31ms)
				BeforeProcessingInitializeOnLoad (12ms)
				ProcessInitializeOnLoadAttributes (82ms)
				ProcessInitializeOnLoadMethodAttributes (29ms)
				AfterProcessingInitializeOnLoad (0ms)
				EditorAssembliesLoaded (0ms)
			ExecutionOrderSort2 (0ms)
			AwakeInstancesAfterBackupRestoration (0ms)
Platform modules already initialized, skipping
Registering precompiled user dll's ...
Registered in 0.003441 seconds.
Begin MonoManager ReloadAssembly
Native extension for WindowsStandalone target not found
Refreshing native plugins compatible for Editor in 0.37 ms, found 2 plugins.
Preloading 0 native plugins for Editor in 0.00 ms.
Mono: successfully reloaded assembly
- Completed reload, in  0.900 seconds
Domain Reload Profiling:
	ReloadAssembly (901ms)
		BeginReloadAssembly (123ms)
			ExecutionOrderSort (0ms)
			DisableScriptedObjects (4ms)
			BackupInstance (0ms)
			ReleaseScriptingObjects (0ms)
			CreateAndSetChildDomain (17ms)
		EndReloadAssembly (723ms)
			LoadAssemblies (75ms)
			RebuildTransferFunctionScriptingTraits (0ms)
			SetupTypeCache (250ms)
			ReleaseScriptCaches (0ms)
			RebuildScriptCaches (40ms)
			SetupLoadedEditorAssemblies (272ms)
				LogAssemblyErrors (0ms)
				InitializePlatformSupportModulesInManaged (5ms)
				SetLoadedEditorAssemblies (0ms)
				RefreshPlugins (0ms)
				BeforeProcessingInitializeOnLoad (82ms)
				ProcessInitializeOnLoadAttributes (172ms)
				ProcessInitializeOnLoadMethodAttributes (9ms)
				AfterProcessingInitializeOnLoad (4ms)
				EditorAssembliesLoaded (0ms)
			ExecutionOrderSort2 (0ms)
			AwakeInstancesAfterBackupRestoration (5ms)
Platform modules already initialized, skipping
========================================================================
Worker process is ready to serve import requests
Launched and connected shader compiler UnityShaderCompiler.exe after 0.06 seconds
Refreshing native plugins compatible for Editor in 0.48 ms, found 2 plugins.
Preloading 0 native plugins for Editor in 0.00 ms.
Unloading 1541 Unused Serialized files (Serialized files now loaded: 0)
System memory in use before: 69.9 MB.
System memory in use after: 70.0 MB.

Unloading 19 unused Assets to reduce memory usage. Loaded Objects now: 1976.
Total: 3.512300 ms (FindLiveObjects: 0.271000 ms CreateObjectMapping: 0.067500 ms MarkObjects: 3.074100 ms  DeleteObjects: 0.097500 ms)

AssetImportParameters requested are different than current active one (requested -> active):
  custom:framework-win-MediaFoundation: 216162199b28c13a410421893ffa2e32 -> 
  custom:video-decoder-ogg-theora: a1e56fd34408186e4bbccfd4996cb3dc -> 
  custom:container-muxer-webm: aa71ff27fc2769a1b78a27578f13a17b -> 
  custom:container-demuxer-webm: 4f35f7cbe854078d1ac9338744f61a02 -> 
  custom:container-demuxer-ogg: 62fdf1f143b41e24485cea50d1cbac27 -> 
  custom:video-encoder-webm-vp8: eb34c28f22e8b96e1ab97ce403110664 -> 
  custom:video-decoder-webm-vp8: 9c59270c3fd7afecdb556c50c9e8de78 -> 
  custom:audio-decoder-ogg-vorbis: bf7c407c2cedff20999df2af8eb42d56 -> 
  custom:audio-encoder-webm-vorbis: bf7c407c2cedff20999df2af8eb42d56 -> 
========================================================================
Received Import Request.
  path: Assets/Scripts
  artifactKey: Guid(07d4c3e940e3be645a723abf5e7be6bc) Importer(815301076,1909f56bfc062723c751e8b465ee728b)
Start importing Assets/Scripts using Guid(07d4c3e940e3be645a723abf5e7be6bc) Importer(815301076,1909f56bfc062723c751e8b465ee728b)  -> (artifact id: '174d80d5348a9c3c7c46016cee7b3954') in 0.008914 seconds 
  Import took 0.011893 seconds .

========================================================================
Received Import Request.
  Time since last request: 0.000235 seconds.
  path: Assets/Scripts/EnemyBehaviors
  artifactKey: Guid(237cbd91550bbf246ace0b538b8494c9) Importer(815301076,1909f56bfc062723c751e8b465ee728b)
Start importing Assets/Scripts/EnemyBehaviors using Guid(237cbd91550bbf246ace0b538b8494c9) Importer(815301076,1909f56bfc062723c751e8b465ee728b)  -> (artifact id: '5011183779d0fcfbd865433288bf7f50') in 0.007928 seconds 
  Import took 0.010213 seconds .

========================================================================
Received Import Request.
  Time since last request: 1.934395 seconds.
  path: Assets/Scripts/EnemyBehaviors/FE_GetShoot.cs
  artifactKey: Guid(fb84c7fe1d12a6545984e3229ef127c1) Importer(815301076,1909f56bfc062723c751e8b465ee728b)
Start importing Assets/Scripts/EnemyBehaviors/FE_GetShoot.cs using Guid(fb84c7fe1d12a6545984e3229ef127c1) Importer(815301076,1909f56bfc062723c751e8b465ee728b)  -> (artifact id: '6caf1b92418bdbf56f2e973dcb57b293') in 0.033802 seconds 
  Import took 0.036550 seconds .

========================================================================
Received Prepare
Refreshing native plugins compatible for Editor in 2.68 ms, found 2 plugins.
Preloading 0 native plugins for Editor in 0.00 ms.
Unloading 12 Unused Serialized files (Serialized files now loaded: 0)
System memory in use before: 39.4 MB.
System memory in use after: 39.6 MB.

Unloading 12 unused Assets to reduce memory usage. Loaded Objects now: 1976.
Total: 2.795200 ms (FindLiveObjects: 0.150500 ms CreateObjectMapping: 0.036700 ms MarkObjects: 2.592200 ms  DeleteObjects: 0.014900 ms)

AssetImportParameters requested are different than current active one (requested -> active):
  custom:framework-win-MediaFoundation: 216162199b28c13a410421893ffa2e32 -> 
  custom:video-decoder-ogg-theora: a1e56fd34408186e4bbccfd4996cb3dc -> 
  custom:container-muxer-webm: aa71ff27fc2769a1b78a27578f13a17b -> 
  custom:container-demuxer-webm: 4f35f7cbe854078d1ac9338744f61a02 -> 
  custom:container-demuxer-ogg: 62fdf1f143b41e24485cea50d1cbac27 -> 
  custom:video-encoder-webm-vp8: eb34c28f22e8b96e1ab97ce403110664 -> 
  custom:video-decoder-webm-vp8: 9c59270c3fd7afecdb556c50c9e8de78 -> 
  custom:audio-decoder-ogg-vorbis: bf7c407c2cedff20999df2af8eb42d56 -> 
  custom:audio-encoder-webm-vorbis: bf7c407c2cedff20999df2af8eb42d56 -> 
========================================================================
Received Prepare
Registering precompiled user dll's ...
Registered in 0.003850 seconds.
Begin MonoManager ReloadAssembly
Native extension for WindowsStandalone target not found
Refreshing native plugins compatible for Editor in 0.42 ms, found 2 plugins.
Preloading 0 native plugins for Editor in 0.00 ms.
Mono: successfully reloaded assembly
- Completed reload, in  0.945 seconds
Domain Reload Profiling:
	ReloadAssembly (946ms)
		BeginReloadAssembly (102ms)
			ExecutionOrderSort (0ms)
			DisableScriptedObjects (4ms)
			BackupInstance (0ms)
			ReleaseScriptingObjects (0ms)
			CreateAndSetChildDomain (31ms)
		EndReloadAssembly (781ms)
			LoadAssemblies (83ms)
			RebuildTransferFunctionScriptingTraits (0ms)
			SetupTypeCache (270ms)
			ReleaseScriptCaches (1ms)
			RebuildScriptCaches (36ms)
			SetupLoadedEditorAssemblies (302ms)
				LogAssemblyErrors (0ms)
				InitializePlatformSupportModulesInManaged (4ms)
				SetLoadedEditorAssemblies (1ms)
				RefreshPlugins (1ms)
				BeforeProcessingInitializeOnLoad (83ms)
				ProcessInitializeOnLoadAttributes (200ms)
				ProcessInitializeOnLoadMethodAttributes (9ms)
				AfterProcessingInitializeOnLoad (4ms)
				EditorAssembliesLoaded (0ms)
			ExecutionOrderSort2 (0ms)
			AwakeInstancesAfterBackupRestoration (6ms)
Platform modules already initialized, skipping
Refreshing native plugins compatible for Editor in 0.37 ms, found 2 plugins.
Preloading 0 native plugins for Editor in 0.00 ms.
Unloading 1535 Unused Serialized files (Serialized files now loaded: 0)
System memory in use before: 69.7 MB.
System memory in use after: 69.8 MB.

Unloading 14 unused Assets to reduce memory usage. Loaded Objects now: 1978.
Total: 2.917700 ms (FindLiveObjects: 0.213700 ms CreateObjectMapping: 0.056700 ms MarkObjects: 2.627300 ms  DeleteObjects: 0.018300 ms)

AssetImportParameters requested are different than current active one (requested -> active):
  custom:framework-win-MediaFoundation: 216162199b28c13a410421893ffa2e32 -> 
  custom:video-decoder-ogg-theora: a1e56fd34408186e4bbccfd4996cb3dc -> 
  custom:container-muxer-webm: aa71ff27fc2769a1b78a27578f13a17b -> 
  custom:container-demuxer-webm: 4f35f7cbe854078d1ac9338744f61a02 -> 
  custom:container-demuxer-ogg: 62fdf1f143b41e24485cea50d1cbac27 -> 
  custom:video-encoder-webm-vp8: eb34c28f22e8b96e1ab97ce403110664 -> 
  custom:video-decoder-webm-vp8: 9c59270c3fd7afecdb556c50c9e8de78 -> 
  custom:audio-decoder-ogg-vorbis: bf7c407c2cedff20999df2af8eb42d56 -> 
  custom:audio-encoder-webm-vorbis: bf7c407c2cedff20999df2af8eb42d56 -> 
========================================================================
Received Import Request.
  Time since last request: 2332.224386 seconds.
  path: Assets/Sounds/Background Music.mp3
  artifactKey: Guid(71fdf43dc220bc246b7364b85767558c) Importer(815301076,1909f56bfc062723c751e8b465ee728b)
Start importing Assets/Sounds/Background Music.mp3 using Guid(71fdf43dc220bc246b7364b85767558c) Importer(815301076,1909f56bfc062723c751e8b465ee728b)  -> (artifact id: '1586415c96e66f3d41e5c50383553d57') in 0.173655 seconds 
  Import took 0.177010 seconds .

========================================================================
Received Import Request.
  Time since last request: 0.000238 seconds.
  path: Assets/Sounds/ShootShip.wav
  artifactKey: Guid(8df914044bbf94246a78e5853ca8a35c) Importer(815301076,1909f56bfc062723c751e8b465ee728b)
Start importing Assets/Sounds/ShootShip.wav using Guid(8df914044bbf94246a78e5853ca8a35c) Importer(815301076,1909f56bfc062723c751e8b465ee728b)  -> (artifact id: '751a2ffdc33d9148b2a80e459dfd2b2a') in 0.019166 seconds 
  Import took 0.021740 seconds .

========================================================================
Received Import Request.
  Time since last request: 0.000234 seconds.
  path: Assets/Sounds/SpaceObjectMove.wav
  artifactKey: Guid(41d3600f26900284ebb51eb3ab888506) Importer(815301076,1909f56bfc062723c751e8b465ee728b)
Start importing Assets/Sounds/SpaceObjectMove.wav using Guid(41d3600f26900284ebb51eb3ab888506) Importer(815301076,1909f56bfc062723c751e8b465ee728b)  -> (artifact id: 'd57bb71eca03e1989b43b04cb8743008') in 0.018247 seconds 
  Import took 0.021296 seconds .

========================================================================
Received Import Request.
  Time since last request: 0.000222 seconds.
  path: Assets/Sounds/ShipMove.wav
  artifactKey: Guid(ac1af5568525e804ab29c895c2eae91e) Importer(815301076,1909f56bfc062723c751e8b465ee728b)
Start importing Assets/Sounds/ShipMove.wav using Guid(ac1af5568525e804ab29c895c2eae91e) Importer(815301076,1909f56bfc062723c751e8b465ee728b)  -> (artifact id: '1aec43ea0ebcd5e4aa33dcb73d51da9b') in 0.014758 seconds 
  Import took 0.017490 seconds .

========================================================================
Received Import Request.
  Time since last request: 0.000317 seconds.
  path: Assets/Sounds/DeathPlayer.wav
  artifactKey: Guid(d28912c6432251f4d964c925cc28ac02) Importer(815301076,1909f56bfc062723c751e8b465ee728b)
Start importing Assets/Sounds/DeathPlayer.wav using Guid(d28912c6432251f4d964c925cc28ac02) Importer(815301076,1909f56bfc062723c751e8b465ee728b)  -> (artifact id: 'e574250ce49c883ab536e050668c9961') in 0.014088 seconds 
  Import took 0.016668 seconds .

========================================================================
Received Import Request.
  Time since last request: 0.000289 seconds.
  path: Assets/Sounds/DeathEnemy1.wav
  artifactKey: Guid(94b7865c5d2c851408b8753e1f94f33c) Importer(815301076,1909f56bfc062723c751e8b465ee728b)
Start importing Assets/Sounds/DeathEnemy1.wav using Guid(94b7865c5d2c851408b8753e1f94f33c) Importer(815301076,1909f56bfc062723c751e8b465ee728b)  -> (artifact id: '3d5eafd29eb22ddfe28fdfea45582584') in 0.012153 seconds 
  Import took 0.015272 seconds .

========================================================================
Received Import Request.
  Time since last request: 0.000195 seconds.
  path: Assets/Sounds/StartGame.ogg
  artifactKey: Guid(5b0084a972e405d4daa71685e28dcf2e) Importer(815301076,1909f56bfc062723c751e8b465ee728b)
Start importing Assets/Sounds/StartGame.ogg using Guid(5b0084a972e405d4daa71685e28dcf2e) Importer(815301076,1909f56bfc062723c751e8b465ee728b)  -> (artifact id: '01dc8e4d24a6da3695df37db30905c17') in 0.014783 seconds 
  Import took 0.017604 seconds .

========================================================================
Received Import Request.
  Time since last request: 0.000236 seconds.
  path: Assets/Sounds/DeathEnemy2.wav
  artifactKey: Guid(c0d24d2aabbf5b34eb1b2df31ed6cdc8) Importer(815301076,1909f56bfc062723c751e8b465ee728b)
Start importing Assets/Sounds/DeathEnemy2.wav using Guid(c0d24d2aabbf5b34eb1b2df31ed6cdc8) Importer(815301076,1909f56bfc062723c751e8b465ee728b)  -> (artifact id: 'be7bd2e82e8ec6f4d892b9b038e9d461') in 0.013154 seconds 
  Import took 0.016514 seconds .

========================================================================
Received Import Request.
  Time since last request: 0.000258 seconds.
  path: Assets/Sounds/SpaceOddysey.ogg
  artifactKey: Guid(5c385e84c9ec4c34ebae62292bf715c7) Importer(815301076,1909f56bfc062723c751e8b465ee728b)
Start importing Assets/Sounds/SpaceOddysey.ogg using Guid(5c385e84c9ec4c34ebae62292bf715c7) Importer(815301076,1909f56bfc062723c751e8b465ee728b)  -> (artifact id: 'f7c23fb0dbe4f404ce93a333d3ec87ab') in 0.012390 seconds 
  Import took 0.015209 seconds .

========================================================================
Received Import Request.
  Time since last request: 0.338198 seconds.
  path: Assets/Sprites/LifeBarPlaceholder.png
  artifactKey: Guid(799351f01ff927c4997c9f719ecba540) Importer(815301076,1909f56bfc062723c751e8b465ee728b)
Start importing Assets/Sprites/LifeBarPlaceholder.png using Guid(799351f01ff927c4997c9f719ecba540) Importer(815301076,1909f56bfc062723c751e8b465ee728b)  -> (artifact id: 'fab1e533413ede909684c39040705dc6') in 0.016730 seconds 
  Import took 0.019421 seconds .

========================================================================
Received Import Request.
  Time since last request: 0.589921 seconds.
  path: Assets/Texturas/AlienCountWhite.png
  artifactKey: Guid(7b6cb81447ce5aa458d303f993c36925) Importer(815301076,1909f56bfc062723c751e8b465ee728b)
Start importing Assets/Texturas/AlienCountWhite.png using Guid(7b6cb81447ce5aa458d303f993c36925) Importer(815301076,1909f56bfc062723c751e8b465ee728b)  -> (artifact id: 'e377cc7fbebf1c14b812989f98ac8302') in 0.012082 seconds 
  Import took 0.015113 seconds .

========================================================================
Received Import Request.
  Time since last request: 0.000265 seconds.
  path: Assets/Texturas/GamePaused.png
  artifactKey: Guid(527ccd9d73a022a449fcc90a504e084c) Importer(815301076,1909f56bfc062723c751e8b465ee728b)
Start importing Assets/Texturas/GamePaused.png using Guid(527ccd9d73a022a449fcc90a504e084c) Importer(815301076,1909f56bfc062723c751e8b465ee728b)  -> (artifact id: '7ae7bcbc3f882439105969b0094c3043') in 0.014719 seconds 
  Import took 0.017688 seconds .

========================================================================
Received Import Request.
  Time since last request: 0.000267 seconds.
  path: Assets/Texturas/StarConquestLogo.png
  artifactKey: Guid(03b2955632a58a8478e53f50dd915b78) Importer(815301076,1909f56bfc062723c751e8b465ee728b)
Start importing Assets/Texturas/StarConquestLogo.png using Guid(03b2955632a58a8478e53f50dd915b78) Importer(815301076,1909f56bfc062723c751e8b465ee728b)  -> (artifact id: '70703d4649254863a0b533df67538f15') in 0.012713 seconds 
  Import took 0.016066 seconds .

========================================================================
Received Import Request.
  Time since last request: 0.000218 seconds.
  path: Assets/Texturas/LifeBarPlaceholder.png
  artifactKey: Guid(dad4df25f3f28ec44a0e5b575f82b2b8) Importer(815301076,1909f56bfc062723c751e8b465ee728b)
Start importing Assets/Texturas/LifeBarPlaceholder.png using Guid(dad4df25f3f28ec44a0e5b575f82b2b8) Importer(815301076,1909f56bfc062723c751e8b465ee728b)  -> (artifact id: '00e3b4a3f0f73efab69f223853c44709') in 0.007234 seconds 
  Import took 0.010385 seconds .

========================================================================
Received Import Request.
  Time since last request: 0.000263 seconds.
  path: Assets/Texturas/Controles Navecillas.png
  artifactKey: Guid(fe1152c2a6c0a58439ee1e9028173510) Importer(815301076,1909f56bfc062723c751e8b465ee728b)
Start importing Assets/Texturas/Controles Navecillas.png using Guid(fe1152c2a6c0a58439ee1e9028173510) Importer(815301076,1909f56bfc062723c751e8b465ee728b)  -> (artifact id: 'e232c7d101400d180be5daeb0069cabb') in 0.024547 seconds 
  Import took 0.027077 seconds .

========================================================================
Received Import Request.
  Time since last request: 1.218745 seconds.
  path: Assets/VideoPlayer/MainMenuSpace.mp4
  artifactKey: Guid(f78bf6b2e60c8394dbf5b190a604f5fa) Importer(815301076,1909f56bfc062723c751e8b465ee728b)
Start importing Assets/VideoPlayer/MainMenuSpace.mp4 using Guid(f78bf6b2e60c8394dbf5b190a604f5fa) Importer(815301076,1909f56bfc062723c751e8b465ee728b)  -> (artifact id: '80e5402b9afe72fa676ab488da23ba96') in 0.008264 seconds 
  Import took 0.011213 seconds .

========================================================================
Received Import Request.
  Time since last request: 0.000215 seconds.
  path: Assets/VideoPlayer/New Render Texture.renderTexture
  artifactKey: Guid(62f6c28549c57bf4b8d5e913adb1ec6a) Importer(815301076,1909f56bfc062723c751e8b465ee728b)
Start importing Assets/VideoPlayer/New Render Texture.renderTexture using Guid(62f6c28549c57bf4b8d5e913adb1ec6a) Importer(815301076,1909f56bfc062723c751e8b465ee728b)  -> (artifact id: 'a56527f7238795b62aea3c60094281a3') in 0.017306 seconds 
  Import took 0.019820 seconds .

========================================================================
Received Import Request.
  Time since last request: 1.395791 seconds.
  path: Assets/Prefabs/Enemy1.prefab
  artifactKey: Guid(397ba6697e885334b99a7df948626749) Importer(815301076,1909f56bfc062723c751e8b465ee728b)
Start importing Assets/Prefabs/Enemy1.prefab using Guid(397ba6697e885334b99a7df948626749) Importer(815301076,1909f56bfc062723c751e8b465ee728b)  -> (artifact id: '04022d88067b496bdcd96ab3a4c49a49') in 0.254358 seconds 
  Import took 0.257935 seconds .

========================================================================
Received Import Request.
  Time since last request: 0.000226 seconds.
  path: Assets/Prefabs/Enemy3.prefab
  artifactKey: Guid(b69e5def4ab60a9b5bd6daea0d6bff75) Importer(815301076,1909f56bfc062723c751e8b465ee728b)
Start importing Assets/Prefabs/Enemy3.prefab using Guid(b69e5def4ab60a9b5bd6daea0d6bff75) Importer(815301076,1909f56bfc062723c751e8b465ee728b)  -> (artifact id: '37fdcc1674fd3db0454930266771fb20') in 0.161301 seconds 
  Import took 0.164209 seconds .

========================================================================
Received Import Request.
  Time since last request: 0.000228 seconds.
  path: Assets/Prefabs/SoundBox.prefab
  artifactKey: Guid(a3377455ae4dcae419d44bcd35fbf6c1) Importer(815301076,1909f56bfc062723c751e8b465ee728b)
Start importing Assets/Prefabs/SoundBox.prefab using Guid(a3377455ae4dcae419d44bcd35fbf6c1) Importer(815301076,1909f56bfc062723c751e8b465ee728b)  -> (artifact id: '5f0c620a9638a5f722cae147990e024f') in 0.008249 seconds 
  Import took 0.010833 seconds .

========================================================================
Received Import Request.
  Time since last request: 0.000235 seconds.
  path: Assets/Prefabs/Enemy1Shoot.prefab
  artifactKey: Guid(d877d788ea13c8a44908d92116546864) Importer(815301076,1909f56bfc062723c751e8b465ee728b)
Start importing Assets/Prefabs/Enemy1Shoot.prefab using Guid(d877d788ea13c8a44908d92116546864) Importer(815301076,1909f56bfc062723c751e8b465ee728b)  -> (artifact id: '2cedde17a5a26864be1453174d98e6fb') in 0.083584 seconds 
  Import took 0.086162 seconds .

========================================================================
Received Import Request.
  Time since last request: 0.000208 seconds.
  path: Assets/Materiales/Enemy3.mat
  artifactKey: Guid(8e3615e4afdf85ec4a05750aa252dda9) Importer(815301076,1909f56bfc062723c751e8b465ee728b)
Start importing Assets/Materiales/Enemy3.mat using Guid(8e3615e4afdf85ec4a05750aa252dda9) Importer(815301076,1909f56bfc062723c751e8b465ee728b)  -> (artifact id: 'ac54b042803ca0372da1dc5812b8a80a') in 0.033055 seconds 
  Import took 0.035693 seconds .

========================================================================
Received Import Request.
  Time since last request: 0.000368 seconds.
  path: Assets/Materiales/Enemy.mat
  artifactKey: Guid(8b5c9bb8c6eebb5458bd6c2054d14134) Importer(815301076,1909f56bfc062723c751e8b465ee728b)
Start importing Assets/Materiales/Enemy.mat using Guid(8b5c9bb8c6eebb5458bd6c2054d14134) Importer(815301076,1909f56bfc062723c751e8b465ee728b)  -> (artifact id: '7dbbf4a687c270880d25bc3509283184') in 0.012923 seconds 
  Import took 0.015983 seconds .

========================================================================
Received Import Request.
  Time since last request: 0.000268 seconds.
  path: Assets/Materiales/Enemy2.mat
  artifactKey: Guid(73daed59b1ff21140b9587f00bdf9ce1) Importer(815301076,1909f56bfc062723c751e8b465ee728b)
Start importing Assets/Materiales/Enemy2.mat using Guid(73daed59b1ff21140b9587f00bdf9ce1) Importer(815301076,1909f56bfc062723c751e8b465ee728b)  -> (artifact id: 'c223465274820082bd5940c602a20d25') in 0.014710 seconds 
  Import took 0.017511 seconds .

========================================================================
Received Import Request.
  Time since last request: 0.000256 seconds.
  path: Assets/Prefabs/PlayerShoot.prefab
  artifactKey: Guid(d840b28532f6b4040bd3110d504b66f8) Importer(815301076,1909f56bfc062723c751e8b465ee728b)
Start importing Assets/Prefabs/PlayerShoot.prefab using Guid(d840b28532f6b4040bd3110d504b66f8) Importer(815301076,1909f56bfc062723c751e8b465ee728b)  -> (artifact id: 'ac02ceaf46923d8435976a6df5f0891b') in 0.017037 seconds 
  Import took 0.019817 seconds .

========================================================================
Received Import Request.
  Time since last request: 0.000215 seconds.
  path: Assets/Prefabs/Enemy2Shoot.prefab
  artifactKey: Guid(fa968dd738dcf104b9a93c021657f9ea) Importer(815301076,1909f56bfc062723c751e8b465ee728b)
Start importing Assets/Prefabs/Enemy2Shoot.prefab using Guid(fa968dd738dcf104b9a93c021657f9ea) Importer(815301076,1909f56bfc062723c751e8b465ee728b)  -> (artifact id: '7ab103bf297668744b935f3c8041af5f') in 0.015078 seconds 
  Import took 0.018136 seconds .

========================================================================
Received Import Request.
  Time since last request: 0.000246 seconds.
  path: Assets/Materiales/EndWall.mat
  artifactKey: Guid(f63133da50df46047821c56d0a4af5fb) Importer(815301076,1909f56bfc062723c751e8b465ee728b)
Start importing Assets/Materiales/EndWall.mat using Guid(f63133da50df46047821c56d0a4af5fb) Importer(815301076,1909f56bfc062723c751e8b465ee728b)  -> (artifact id: 'c3338575a681a030a7949f6455589ac5') in 0.090157 seconds 
  Import took 0.093278 seconds .

========================================================================
Received Import Request.
  Time since last request: 0.000229 seconds.
  path: Assets/Materiales/Shoot.mat
  artifactKey: Guid(1bcc6206ea7c5ed44a7d2b25a8b067ca) Importer(815301076,1909f56bfc062723c751e8b465ee728b)
Start importing Assets/Materiales/Shoot.mat using Guid(1bcc6206ea7c5ed44a7d2b25a8b067ca) Importer(815301076,1909f56bfc062723c751e8b465ee728b)  -> (artifact id: '3e43a75828b0dc95dac43e719270ed88') in 0.014796 seconds 
  Import took 0.017440 seconds .

========================================================================
Received Import Request.
  Time since last request: 0.000245 seconds.
  path: Assets/Materiales/Player.mat
  artifactKey: Guid(0184956e5ca261d4093abf7afe449f64) Importer(815301076,1909f56bfc062723c751e8b465ee728b)
Start importing Assets/Materiales/Player.mat using Guid(0184956e5ca261d4093abf7afe449f64) Importer(815301076,1909f56bfc062723c751e8b465ee728b)  -> (artifact id: 'f36da5de8338dfe9d3d1c92c53c95392') in 0.013958 seconds 
  Import took 0.016964 seconds .

========================================================================
Received Import Request.
  Time since last request: 0.000268 seconds.
  path: Assets/Prefabs/Enemy2.prefab
  artifactKey: Guid(046a811bbdcab444189d426984bfd3c8) Importer(815301076,1909f56bfc062723c751e8b465ee728b)
Start importing Assets/Prefabs/Enemy2.prefab using Guid(046a811bbdcab444189d426984bfd3c8) Importer(815301076,1909f56bfc062723c751e8b465ee728b)  -> (artifact id: 'b47bab82c7da32260828d85bf8ce0d76') in 0.013414 seconds 
  Import took 0.016390 seconds .

========================================================================
Received Import Request.
  Time since last request: 0.000208 seconds.
  path: Assets/Materiales/MainMenuVideoMaterial.mat
  artifactKey: Guid(cebd5122e2fa00342948637a330b8340) Importer(815301076,1909f56bfc062723c751e8b465ee728b)
Start importing Assets/Materiales/MainMenuVideoMaterial.mat using Guid(cebd5122e2fa00342948637a330b8340) Importer(815301076,1909f56bfc062723c751e8b465ee728b)  -> (artifact id: '9bb310997ccccb3690599d7de98da424') in 0.013284 seconds 
  Import took 0.016583 seconds .

AssetImportWorkerClient::OnTransportError - code=2 error=End of file
